  Lab5.cpp
C:\Users\Константин\source\repos\Lab5\Lab5.cpp(9,5): error C4235: использовано нестандартное расширение: ключевое слово "__asm" данной архитектурой не поддерживается
C:\Users\Константин\source\repos\Lab5\Lab5.cpp(11,9): error C2065: mov: необъявленный идентификатор
C:\Users\Константин\source\repos\Lab5\Lab5.cpp(11,13): error C2146: синтаксическая ошибка: отсутствие ";" перед идентификатором "eax"
C:\Users\Константин\source\repos\Lab5\Lab5.cpp(11,13): error C2065: eax: необъявленный идентификатор
C:\Users\Константин\source\repos\Lab5\Lab5.cpp(11,23): error C2143: синтаксическая ошибка: отсутствие "]" перед "+"
C:\Users\Константин\source\repos\Lab5\Lab5.cpp(11,23): error C3481: ebp: передаваемая переменная в лямбда-выражении не найдена
C:\Users\Константин\source\repos\Lab5\Lab5.cpp(11,23): error C3260: "+": пропускаются непредвиденные токены перед телом лямбда-функции
C:\Users\Константин\source\repos\Lab5\Lab5.cpp(25,18): warning C4566: символ, представленный универсальным именем символа "\u0412", невозможно представить в текущей кодовой странице (1252)
C:\Users\Константин\source\repos\Lab5\Lab5.cpp(25,18): warning C4566: символ, представленный универсальным именем символа "\u0432", невозможно представить в текущей кодовой странице (1252)
C:\Users\Константин\source\repos\Lab5\Lab5.cpp(25,18): warning C4566: символ, представленный универсальным именем символа "\u0435", невозможно представить в текущей кодовой странице (1252)
C:\Users\Константин\source\repos\Lab5\Lab5.cpp(25,18): warning C4566: символ, представленный универсальным именем символа "\u0434", невозможно представить в текущей кодовой странице (1252)
C:\Users\Константин\source\repos\Lab5\Lab5.cpp(25,18): warning C4566: символ, представленный универсальным именем символа "\u0438", невозможно представить в текущей кодовой странице (1252)
C:\Users\Константин\source\repos\Lab5\Lab5.cpp(25,18): warning C4566: символ, представленный универсальным именем символа "\u0442", невозможно представить в текущей кодовой странице (1252)
C:\Users\Константин\source\repos\Lab5\Lab5.cpp(25,18): warning C4566: символ, представленный универсальным именем символа "\u0437", невозможно представить в текущей кодовой странице (1252)
C:\Users\Константин\source\repos\Lab5\Lab5.cpp(25,18): warning C4566: символ, представленный универсальным именем символа "\u043D", невозможно представить в текущей кодовой странице (1252)
C:\Users\Константин\source\repos\Lab5\Lab5.cpp(25,18): warning C4566: символ, представленный универсальным именем символа "\u0430", невозможно представить в текущей кодовой странице (1252)
C:\Users\Константин\source\repos\Lab5\Lab5.cpp(25,18): warning C4566: символ, представленный универсальным именем символа "\u0447", невозможно представить в текущей кодовой странице (1252)
C:\Users\Константин\source\repos\Lab5\Lab5.cpp(29,18): warning C4566: символ, представленный универсальным именем символа "\u0421", невозможно представить в текущей кодовой странице (1252)
C:\Users\Константин\source\repos\Lab5\Lab5.cpp(29,18): warning C4566: символ, представленный универсальным именем символа "\u0434", невозможно представить в текущей кодовой странице (1252)
C:\Users\Константин\source\repos\Lab5\Lab5.cpp(29,18): warning C4566: символ, представленный универсальным именем символа "\u0432", невозможно представить в текущей кодовой странице (1252)
C:\Users\Константин\source\repos\Lab5\Lab5.cpp(29,18): warning C4566: символ, представленный универсальным именем символа "\u0438", невозможно представить в текущей кодовой странице (1252)
C:\Users\Константин\source\repos\Lab5\Lab5.cpp(29,18): warning C4566: символ, представленный универсальным именем символа "\u0433", невозможно представить в текущей кодовой странице (1252)
C:\Users\Константин\source\repos\Lab5\Lab5.cpp(29,18): warning C4566: символ, представленный универсальным именем символа "\u0447", невозможно представить в текущей кодовой странице (1252)
C:\Users\Константин\source\repos\Lab5\Lab5.cpp(29,18): warning C4566: символ, представленный универсальным именем символа "\u0435", невозможно представить в текущей кодовой странице (1252)
C:\Users\Константин\source\repos\Lab5\Lab5.cpp(29,18): warning C4566: символ, представленный универсальным именем символа "\u0440", невозможно представить в текущей кодовой странице (1252)
C:\Users\Константин\source\repos\Lab5\Lab5.cpp(29,18): warning C4566: символ, представленный универсальным именем символа "\u0437", невозможно представить в текущей кодовой странице (1252)
C:\Users\Константин\source\repos\Lab5\Lab5.cpp(29,18): warning C4566: символ, представленный универсальным именем символа "\u0441", невозможно представить в текущей кодовой странице (1252)
C:\Users\Константин\source\repos\Lab5\Lab5.cpp(29,18): warning C4566: символ, представленный универсальным именем символа "\u0442", невозможно представить в текущей кодовой странице (1252)
C:\Users\Константин\source\repos\Lab5\Lab5.cpp(29,18): warning C4566: символ, представленный универсальным именем символа "\u044D", невозможно представить в текущей кодовой странице (1252)
C:\Users\Константин\source\repos\Lab5\Lab5.cpp(29,18): warning C4566: символ, представленный универсальным именем символа "\u043A", невозможно представить в текущей кодовой странице (1252)
C:\Users\Константин\source\repos\Lab5\Lab5.cpp(34,1): fatal error C1004: непредвиденное обнаружение конца файла
